<?xml version="1.0" encoding="UTF-8"?>
<coverage generated="1729548169354" clover="3.2.0">
  <project timestamp="1729548169354" name="All files">
    <metrics statements="20" coveredstatements="19" conditionals="20" coveredconditionals="18" methods="5" coveredmethods="5" elements="45" coveredelements="42" complexity="0" loc="20" ncloc="20" packages="1" files="1" classes="1"/>
    <file name="operaciones.js" path="/home/v0yn1ch/BootcampJava/Testing/operaciones.js">
      <metrics statements="20" coveredstatements="19" conditionals="20" coveredconditionals="18" methods="5" coveredmethods="5"/>
      <line num="1" count="1" type="stmt"/>
      <line num="2" count="4" type="cond" truecount="4" falsecount="0"/>
      <line num="3" count="2" type="stmt"/>
      <line num="5" count="2" type="stmt"/>
      <line num="7" count="1" type="stmt"/>
      <line num="8" count="4" type="cond" truecount="4" falsecount="0"/>
      <line num="9" count="2" type="stmt"/>
      <line num="11" count="2" type="stmt"/>
      <line num="13" count="1" type="stmt"/>
      <line num="14" count="1" type="cond" truecount="3" falsecount="1"/>
      <line num="15" count="1" type="stmt"/>
      <line num="17" count="0" type="stmt"/>
      <line num="19" count="1" type="stmt"/>
      <line num="20" count="2" type="cond" truecount="1" falsecount="1"/>
      <line num="21" count="2" type="cond" truecount="4" falsecount="0"/>
      <line num="22" count="1" type="stmt"/>
      <line num="25" count="1" type="stmt"/>
      <line num="26" count="5" type="cond" truecount="2" falsecount="0"/>
      <line num="27" count="4" type="stmt"/>
      <line num="30" count="1" type="stmt"/>
    </file>
  </project>
</coverage>
