{"/home/v0yn1ch/BootcampJava/Testing/operaciones.js": {"path":"/home/v0yn1ch/BootcampJava/Testing/operaciones.js","statementMap":{"0":{"start":{"line":1,"column":12},"end":{"line":6,"column":1}},"1":{"start":{"line":2,"column":2},"end":{"line":4,"column":3}},"2":{"start":{"line":3,"column":4},"end":{"line":3,"column":17}},"3":{"start":{"line":5,"column":2},"end":{"line":5,"column":9}},"4":{"start":{"line":7,"column":18},"end":{"line":12,"column":1}},"5":{"start":{"line":8,"column":2},"end":{"line":10,"column":3}},"6":{"start":{"line":9,"column":4},"end":{"line":9,"column":17}},"7":{"start":{"line":11,"column":2},"end":{"line":11,"column":9}},"8":{"start":{"line":13,"column":17},"end":{"line":18,"column":1}},"9":{"start":{"line":14,"column":2},"end":{"line":16,"column":3}},"10":{"start":{"line":15,"column":4},"end":{"line":15,"column":17}},"11":{"start":{"line":17,"column":2},"end":{"line":17,"column":9}},"12":{"start":{"line":19,"column":15},"end":{"line":23,"column":1}},"13":{"start":{"line":20,"column":2},"end":{"line":20,"column":27}},"14":{"start":{"line":20,"column":14},"end":{"line":20,"column":27}},"15":{"start":{"line":21,"column":2},"end":{"line":21,"column":75}},"16":{"start":{"line":21,"column":26},"end":{"line":21,"column":75}},"17":{"start":{"line":22,"column":2},"end":{"line":22,"column":9}},"18":{"start":{"line":25,"column":16},"end":{"line":28,"column":1}},"19":{"start":{"line":26,"column":2},"end":{"line":26,"column":21}},"20":{"start":{"line":26,"column":14},"end":{"line":26,"column":21}},"21":{"start":{"line":27,"column":2},"end":{"line":27,"column":15}},"22":{"start":{"line":30,"column":0},"end":{"line":36,"column":2}}},"fnMap":{"0":{"name":"(anonymous_0)","decl":{"start":{"line":1,"column":12},"end":{"line":1,"column":13}},"loc":{"start":{"line":1,"column":22},"end":{"line":6,"column":1}},"line":1},"1":{"name":"(anonymous_1)","decl":{"start":{"line":7,"column":18},"end":{"line":7,"column":19}},"loc":{"start":{"line":7,"column":28},"end":{"line":12,"column":1}},"line":7},"2":{"name":"(anonymous_2)","decl":{"start":{"line":13,"column":17},"end":{"line":13,"column":18}},"loc":{"start":{"line":13,"column":27},"end":{"line":18,"column":1}},"line":13},"3":{"name":"(anonymous_3)","decl":{"start":{"line":19,"column":15},"end":{"line":19,"column":16}},"loc":{"start":{"line":19,"column":25},"end":{"line":23,"column":1}},"line":19},"4":{"name":"(anonymous_4)","decl":{"start":{"line":25,"column":16},"end":{"line":25,"column":17}},"loc":{"start":{"line":25,"column":26},"end":{"line":28,"column":1}},"line":25}},"branchMap":{"0":{"loc":{"start":{"line":2,"column":2},"end":{"line":4,"column":3}},"type":"if","locations":[{"start":{"line":2,"column":2},"end":{"line":4,"column":3}},{"start":{},"end":{}}],"line":2},"1":{"loc":{"start":{"line":2,"column":6},"end":{"line":2,"column":52}},"type":"binary-expr","locations":[{"start":{"line":2,"column":6},"end":{"line":2,"column":27}},{"start":{"line":2,"column":31},"end":{"line":2,"column":52}}],"line":2},"2":{"loc":{"start":{"line":8,"column":2},"end":{"line":10,"column":3}},"type":"if","locations":[{"start":{"line":8,"column":2},"end":{"line":10,"column":3}},{"start":{},"end":{}}],"line":8},"3":{"loc":{"start":{"line":8,"column":6},"end":{"line":8,"column":52}},"type":"binary-expr","locations":[{"start":{"line":8,"column":6},"end":{"line":8,"column":27}},{"start":{"line":8,"column":31},"end":{"line":8,"column":52}}],"line":8},"4":{"loc":{"start":{"line":14,"column":2},"end":{"line":16,"column":3}},"type":"if","locations":[{"start":{"line":14,"column":2},"end":{"line":16,"column":3}},{"start":{},"end":{}}],"line":14},"5":{"loc":{"start":{"line":14,"column":6},"end":{"line":14,"column":52}},"type":"binary-expr","locations":[{"start":{"line":14,"column":6},"end":{"line":14,"column":27}},{"start":{"line":14,"column":31},"end":{"line":14,"column":52}}],"line":14},"6":{"loc":{"start":{"line":20,"column":2},"end":{"line":20,"column":27}},"type":"if","locations":[{"start":{"line":20,"column":2},"end":{"line":20,"column":27}},{"start":{},"end":{}}],"line":20},"7":{"loc":{"start":{"line":21,"column":2},"end":{"line":21,"column":75}},"type":"if","locations":[{"start":{"line":21,"column":2},"end":{"line":21,"column":75}},{"start":{},"end":{}}],"line":21},"8":{"loc":{"start":{"line":21,"column":6},"end":{"line":21,"column":24}},"type":"binary-expr","locations":[{"start":{"line":21,"column":6},"end":{"line":21,"column":13}},{"start":{"line":21,"column":17},"end":{"line":21,"column":24}}],"line":21},"9":{"loc":{"start":{"line":26,"column":2},"end":{"line":26,"column":21}},"type":"if","locations":[{"start":{"line":26,"column":2},"end":{"line":26,"column":21}},{"start":{},"end":{}}],"line":26}},"s":{"0":1,"1":4,"2":2,"3":2,"4":1,"5":4,"6":2,"7":2,"8":1,"9":1,"10":1,"11":0,"12":1,"13":2,"14":0,"15":2,"16":1,"17":1,"18":1,"19":5,"20":1,"21":4,"22":1},"f":{"0":4,"1":4,"2":1,"3":2,"4":5},"b":{"0":[2,2],"1":[4,3],"2":[2,2],"3":[4,3],"4":[1,0],"5":[1,1],"6":[0,2],"7":[1,1],"8":[2,1],"9":[1,4]},"_coverageSchema":"1a1c01bbd47fc00a2c39e90264f33305004495a9","hash":"204db202df331e5b0b742184609df575589d09d9"}
}
