TN:
SF:operaciones.js
FN:1,(anonymous_0)
FN:7,(anonymous_1)
FN:13,(anonymous_2)
FN:19,(anonymous_3)
FN:25,(anonymous_4)
FNF:5
FNH:5
FNDA:4,(anonymous_0)
FNDA:4,(anonymous_1)
FNDA:1,(anonymous_2)
FNDA:2,(anonymous_3)
FNDA:5,(anonymous_4)
DA:1,1
DA:2,4
DA:3,2
DA:5,2
DA:7,1
DA:8,4
DA:9,2
DA:11,2
DA:13,1
DA:14,1
DA:15,1
DA:17,0
DA:19,1
DA:20,2
DA:21,2
DA:22,1
DA:25,1
DA:26,5
DA:27,4
DA:30,1
LF:20
LH:19
BRDA:2,0,0,2
BRDA:2,0,1,2
BRDA:2,1,0,4
BRDA:2,1,1,3
BRDA:8,2,0,2
BRDA:8,2,1,2
BRDA:8,3,0,4
BRDA:8,3,1,3
BRDA:14,4,0,1
BRDA:14,4,1,0
BRDA:14,5,0,1
BRDA:14,5,1,1
BRDA:20,6,0,0
BRDA:20,6,1,2
BRDA:21,7,0,1
BRDA:21,7,1,1
BRDA:21,8,0,2
BRDA:21,8,1,1
BRDA:26,9,0,1
BRDA:26,9,1,4
BRF:20
BRH:18
end_of_record
